0 info it worked if it ends with ok
1 verbose cli [ '/usr/local/Cellar/node/9.10.1/bin/node',
1 verbose cli   '/usr/local/bin/npm',
1 verbose cli   'run',
1 verbose cli   'start:dev' ]
2 info using npm@3.10.10
3 info using node@v10.4.1
4 verbose run-script [ 'prestart:dev', 'start:dev', 'poststart:dev' ]
5 info lifecycle mern@1.0.0~prestart:dev: mern@1.0.0
6 silly lifecycle mern@1.0.0~prestart:dev: no script for prestart:dev, continuing
7 info lifecycle mern@1.0.0~start:dev: mern@1.0.0
8 verbose lifecycle mern@1.0.0~start:dev: unsafe-perm in lifecycle true
9 verbose lifecycle mern@1.0.0~start:dev: PATH: /usr/local/lib/node_modules/npm/bin/node-gyp-bin:/Users/mitchell/Dropbox/+bootCamp/project3/squirrel/node_modules/.bin:/Users/mitchell/Dropbox/+bootCamp/project3/squirrel/node_modules/.bin:/Users/mitchell/.config/yarn/link/node_modules/.bin:/Users/mitchell/Dropbox/+bootCamp/project3/squirrel/node_modules/.bin:/Users/mitchell/.config/yarn/link/node_modules/.bin:/usr/local/Cellar/node/9.10.1/libexec/lib/node_modules/npm/bin/node-gyp-bin:/usr/local/Cellar/node/9.10.1/lib/node_modules/npm/bin/node-gyp-bin:/usr/local/Cellar/node/9.10.1/bin/node_modules/npm/bin/node-gyp-bin:/usr/local/Cellar/node/9.10.1/bin:/usr/local/Cellar/node/10.4.1/bin:/usr/local/bin:/usr/bin:/bin:/usr/sbin:/sbin:/Library/Frameworks/Mono.framework/Versions/Current/Commands
10 verbose lifecycle mern@1.0.0~start:dev: CWD: /Users/mitchell/Dropbox/+bootCamp/project3/squirrel
11 silly lifecycle mern@1.0.0~start:dev: Args: [ '-c',
11 silly lifecycle   'concurrently "nodemon --ignore \'client/*\'" "npm run client"' ]
12 info lifecycle mern@1.0.0~start:dev: Failed to exec start:dev script
13 verbose stack Error: mern@1.0.0 start:dev: `concurrently "nodemon --ignore 'client/*'" "npm run client"`
13 verbose stack spawn ENOENT
13 verbose stack     at ChildProcess.<anonymous> (/usr/local/lib/node_modules/npm/lib/utils/spawn.js:33:16)
13 verbose stack     at ChildProcess.emit (events.js:182:13)
13 verbose stack     at maybeClose (internal/child_process.js:961:16)
13 verbose stack     at Process.ChildProcess._handle.onexit (internal/child_process.js:248:5)
14 verbose pkgid mern@1.0.0
15 verbose cwd /Users/mitchell/Dropbox/+bootCamp/project3/squirrel
16 error Darwin 17.7.0
17 error argv "/usr/local/Cellar/node/9.10.1/bin/node" "/usr/local/bin/npm" "run" "start:dev"
18 error node v10.4.1
19 error npm  v3.10.10
20 error file sh
21 error code ELIFECYCLE
22 error errno ENOENT
23 error syscall spawn
24 error mern@1.0.0 start:dev: `concurrently "nodemon --ignore 'client/*'" "npm run client"`
24 error spawn ENOENT
25 error Failed at the mern@1.0.0 start:dev script 'concurrently "nodemon --ignore 'client/*'" "npm run client"'.
25 error Make sure you have the latest version of node.js and npm installed.
25 error If you do, this is most likely a problem with the mern package,
25 error not with npm itself.
25 error Tell the author that this fails on your system:
25 error     concurrently "nodemon --ignore 'client/*'" "npm run client"
25 error You can get information on how to open an issue for this project with:
25 error     npm bugs mern
25 error Or if that isn't available, you can get their info via:
25 error     npm owner ls mern
25 error There is likely additional logging output above.
26 verbose exit [ 1, true ]
